# JRE version: Java(TM) SE Runtime Environment (8.0_131-b11) (build 1.8.0_131-b11)
# Java VM: Java HotSpot(TM) 64-Bit Server VM (25.131-b11 mixed mode windows-amd64 compressed oops)
Heap:
 PSYoungGen      total 171008K, used 85222K [0x00000000eac00000, 0x00000000fb000000, 0x0000000100000000)
  eden space 157696K, 54% used [0x00000000eac00000,0x00000000eff39950,0x00000000f4600000)
  from space 13312K, 0% used [0x00000000f4600000,0x00000000f4600000,0x00000000f5300000)
  to   space 13312K, 0% used [0x00000000fa300000,0x00000000fa300000,0x00000000fb000000)
 ParOldGen       total 47104K, used 16599K [0x00000000c0400000, 0x00000000c3200000, 0x00000000eac00000)
  object space 47104K, 35% used [0x00000000c0400000,0x00000000c1435cb0,0x00000000c3200000)
 Metaspace       used 40285K, capacity 41846K, committed 42032K, reserved 1085440K
  class space    used 5327K, capacity 5639K, committed 5680K, reserved 1048576K
GC Heap History (10 events):
Event: 7.085 GC heap before
{Heap before GC invocations=9 (full 1):
 PSYoungGen      total 71168K, used 64475K [0x00000000eac00000, 0x00000000f3b00000, 0x0000000100000000)
  eden space 64512K, 99% used [0x00000000eac00000,0x00000000eeaf6fa8,0x00000000eeb00000)
  from space 6656K, 0% used [0x00000000eeb00000,0x00000000eeb00000,0x00000000ef180000)
  to   space 8704K, 0% used [0x00000000f3280000,0x00000000f3280000,0x00000000f3b00000)
 ParOldGen       total 31744K, used 11157K [0x00000000c0400000, 0x00000000c2300000, 0x00000000eac00000)
  object space 31744K, 35% used [0x00000000c0400000,0x00000000c0ee5728,0x00000000c2300000)
 Metaspace       used 24694K, capacity 25354K, committed 25648K, reserved 1071104K
  class space    used 3164K, capacity 3340K, committed 3376K, reserved 1048576K
Event: 7.104 GC heap after
Heap after GC invocations=9 (full 1):
 PSYoungGen      total 119808K, used 7556K [0x00000000eac00000, 0x00000000f3a00000, 0x0000000100000000)
  eden space 112128K, 0% used [0x00000000eac00000,0x00000000eac00000,0x00000000f1980000)
  from space 7680K, 98% used [0x00000000f3280000,0x00000000f39e13c8,0x00000000f3a00000)
  to   space 9728K, 0% used [0x00000000f2700000,0x00000000f2700000,0x00000000f3080000)
 ParOldGen       total 31744K, used 11165K [0x00000000c0400000, 0x00000000c2300000, 0x00000000eac00000)
  object space 31744K, 35% used [0x00000000c0400000,0x00000000c0ee7728,0x00000000c2300000)
 Metaspace       used 24694K, capacity 25354K, committed 25648K, reserved 1071104K
  class space    used 3164K, capacity 3340K, committed 3376K, reserved 1048576K
}
Event: 9.032 GC heap before
{Heap before GC invocations=10 (full 1):
 PSYoungGen      total 119808K, used 119684K [0x00000000eac00000, 0x00000000f3a00000, 0x0000000100000000)
  eden space 112128K, 100% used [0x00000000eac00000,0x00000000f1980000,0x00000000f1980000)
  from space 7680K, 98% used [0x00000000f3280000,0x00000000f39e13c8,0x00000000f3a00000)
  to   space 9728K, 0% used [0x00000000f2700000,0x00000000f2700000,0x00000000f3080000)
 ParOldGen       total 31744K, used 11165K [0x00000000c0400000, 0x00000000c2300000, 0x00000000eac00000)
  object space 31744K, 35% used [0x00000000c0400000,0x00000000c0ee7728,0x00000000c2300000)
 Metaspace       used 29075K, capacity 30186K, committed 30384K, reserved 1075200K
  class space    used 3771K, capacity 4009K, committed 4016K, reserved 1048576K
Event: 9.051 GC heap after
Heap after GC invocations=10 (full 1):
 PSYoungGen      total 135680K, used 9702K [0x00000000eac00000, 0x00000000f5f00000, 0x0000000100000000)
  eden space 125952K, 0% used [0x00000000eac00000,0x00000000eac00000,0x00000000f2700000)
  from space 9728K, 99% used [0x00000000f2700000,0x00000000f3079b28,0x00000000f3080000)
  to   space 12288K, 0% used [0x00000000f5300000,0x00000000f5300000,0x00000000f5f00000)
 ParOldGen       total 31744K, used 14186K [0x00000000c0400000, 0x00000000c2300000, 0x00000000eac00000)
  object space 31744K, 44% used [0x00000000c0400000,0x00000000c11dab48,0x00000000c2300000)
 Metaspace       used 29075K, capacity 30186K, committed 30384K, reserved 1075200K
  class space    used 3771K, capacity 4009K, committed 4016K, reserved 1048576K
}
Event: 11.113 GC heap before
{Heap before GC invocations=11 (full 1):
 PSYoungGen      total 135680K, used 135654K [0x00000000eac00000, 0x00000000f5f00000, 0x0000000100000000)
  eden space 125952K, 100% used [0x00000000eac00000,0x00000000f2700000,0x00000000f2700000)
  from space 9728K, 99% used [0x00000000f2700000,0x00000000f3079b28,0x00000000f3080000)
  to   space 12288K, 0% used [0x00000000f5300000,0x00000000f5300000,0x00000000f5f00000)
 ParOldGen       total 31744K, used 14186K [0x00000000c0400000, 0x00000000c2300000, 0x00000000eac00000)
  object space 31744K, 44% used [0x00000000c0400000,0x00000000c11dab48,0x00000000c2300000)
 Metaspace       used 33876K, capacity 35346K, committed 35496K, reserved 1081344K
  class space    used 4349K, capacity 4613K, committed 4656K, reserved 1048576K
Event: 11.172 GC heap after
Heap after GC invocations=11 (full 1):
 PSYoungGen      total 169984K, used 9572K [0x00000000eac00000, 0x00000000f7380000, 0x0000000100000000)
  eden space 157696K, 0% used [0x00000000eac00000,0x00000000eac00000,0x00000000f4600000)
  from space 12288K, 77% used [0x00000000f5300000,0x00000000f5c59340,0x00000000f5f00000)
  to   space 13312K, 0% used [0x00000000f4600000,0x00000000f4600000,0x00000000f5300000)
 ParOldGen       total 31744K, used 19926K [0x00000000c0400000, 0x00000000c2300000, 0x00000000eac00000)
  object space 31744K, 62% used [0x00000000c0400000,0x00000000c17759b0,0x00000000c2300000)
 Metaspace       used 33876K, capacity 35346K, committed 35496K, reserved 1081344K
  class space    used 4349K, capacity 4613K, committed 4656K, reserved 1048576K
}
Event: 11.228 GC heap before
{Heap before GC invocations=12 (full 1):
 PSYoungGen      total 169984K, used 11827K [0x00000000eac00000, 0x00000000f7380000, 0x0000000100000000)
  eden space 157696K, 1% used [0x00000000eac00000,0x00000000eae338c0,0x00000000f4600000)
  from space 12288K, 77% used [0x00000000f5300000,0x00000000f5c59340,0x00000000f5f00000)
  to   space 13312K, 0% used [0x00000000f4600000,0x00000000f4600000,0x00000000f5300000)
 ParOldGen       total 31744K, used 19926K [0x00000000c0400000, 0x00000000c2300000, 0x00000000eac00000)
  object space 31744K, 62% used [0x00000000c0400000,0x00000000c17759b0,0x00000000c2300000)
 Metaspace       used 33906K, capacity 35386K, committed 35496K, reserved 1081344K
  class space    used 4352K, capacity 4645K, committed 4656K, reserved 1048576K
Event: 11.253 GC heap after
Heap after GC invocations=12 (full 1):
 PSYoungGen      total 171008K, used 192K [0x00000000eac00000, 0x00000000fb000000, 0x0000000100000000)
  eden space 157696K, 0% used [0x00000000eac00000,0x00000000eac00000,0x00000000f4600000)
  from space 13312K, 1% used [0x00000000f4600000,0x00000000f4630000,0x00000000f5300000)
  to   space 13312K, 0% used [0x00000000fa300000,0x00000000fa300000,0x00000000fb000000)
 ParOldGen       total 31744K, used 26595K [0x00000000c0400000, 0x00000000c2300000, 0x00000000eac00000)
  object space 31744K, 83% used [0x00000000c0400000,0x00000000c1df8c80,0x00000000c2300000)
 Metaspace       used 33906K, capacity 35386K, committed 35496K, reserved 1081344K
  class space    used 4352K, capacity 4645K, committed 4656K, reserved 1048576K
}
Event: 11.253 GC heap before
{Heap before GC invocations=13 (full 2):
 PSYoungGen      total 171008K, used 192K [0x00000000eac00000, 0x00000000fb000000, 0x0000000100000000)
  eden space 157696K, 0% used [0x00000000eac00000,0x00000000eac00000,0x00000000f4600000)
  from space 13312K, 1% used [0x00000000f4600000,0x00000000f4630000,0x00000000f5300000)
  to   space 13312K, 0% used [0x00000000fa300000,0x00000000fa300000,0x00000000fb000000)
 ParOldGen       total 31744K, used 26595K [0x00000000c0400000, 0x00000000c2300000, 0x00000000eac00000)
  object space 31744K, 83% used [0x00000000c0400000,0x00000000c1df8c80,0x00000000c2300000)
 Metaspace       used 33906K, capacity 35386K, committed 35496K, reserved 1081344K
  class space    used 4352K, capacity 4645K, committed 4656K, reserved 1048576K
Event: 11.426 GC heap after
Heap after GC invocations=13 (full 2):
 PSYoungGen      total 171008K, used 0K [0x00000000eac00000, 0x00000000fb000000, 0x0000000100000000)
  eden space 157696K, 0% used [0x00000000eac00000,0x00000000eac00000,0x00000000f4600000)
  from space 13312K, 0% used [0x00000000f4600000,0x00000000f4600000,0x00000000f5300000)
  to   space 13312K, 0% used [0x00000000fa300000,0x00000000fa300000,0x00000000fb000000)
 ParOldGen       total 47104K, used 16599K [0x00000000c0400000, 0x00000000c3200000, 0x00000000eac00000)
  object space 47104K, 35% used [0x00000000c0400000,0x00000000c1435cb0,0x00000000c3200000)
 Metaspace       used 33906K, capacity 35386K, committed 35496K, reserved 1081344K
  class space    used 4352K, capacity 4645K, committed 4656K, reserved 1048576K
}

