# JRE version: Java(TM) SE Runtime Environment (8.0_131-b11) (build 1.8.0_131-b11)
# Java VM: Java HotSpot(TM) 64-Bit Server VM (25.131-b11 mixed mode windows-amd64 compressed oops)
Heap:
 PSYoungGen      total 229376K, used 193766K [0x00000000eac00000, 0x00000000f9e00000, 0x0000000100000000)
  eden space 216576K, 83% used [0x00000000eac00000,0x00000000f5cbc7e0,0x00000000f7f80000)
  from space 12800K, 99% used [0x00000000f9180000,0x00000000f9dfd1b8,0x00000000f9e00000)
  to   space 15360K, 0% used [0x00000000f8000000,0x00000000f8000000,0x00000000f8f00000)
 ParOldGen       total 50176K, used 18156K [0x00000000c0400000, 0x00000000c3500000, 0x00000000eac00000)
  object space 50176K, 36% used [0x00000000c0400000,0x00000000c15bb050,0x00000000c3500000)
 Metaspace       used 51640K, capacity 53810K, committed 53936K, reserved 1095680K
  class space    used 6892K, capacity 7305K, committed 7344K, reserved 1048576K
GC Heap History (10 events):
Event: 10.038 GC heap before
{Heap before GC invocations=10 (full 1):
 PSYoungGen      total 120320K, used 119851K [0x00000000eac00000, 0x00000000f3a80000, 0x0000000100000000)
  eden space 112128K, 100% used [0x00000000eac00000,0x00000000f1980000,0x00000000f1980000)
  from space 8192K, 94% used [0x00000000f3280000,0x00000000f3a0ac90,0x00000000f3a80000)
  to   space 9728K, 0% used [0x00000000f2780000,0x00000000f2780000,0x00000000f3100000)
 ParOldGen       total 30720K, used 8161K [0x00000000c0400000, 0x00000000c2200000, 0x00000000eac00000)
  object space 30720K, 26% used [0x00000000c0400000,0x00000000c0bf8718,0x00000000c2200000)
 Metaspace       used 28824K, capacity 29894K, committed 30128K, reserved 1075200K
  class space    used 3724K, capacity 3965K, committed 4016K, reserved 1048576K
Event: 10.059 GC heap after
Heap after GC invocations=10 (full 1):
 PSYoungGen      total 136192K, used 9714K [0x00000000eac00000, 0x00000000f5e00000, 0x0000000100000000)
  eden space 126464K, 0% used [0x00000000eac00000,0x00000000eac00000,0x00000000f2780000)
  from space 9728K, 99% used [0x00000000f2780000,0x00000000f30fc8b8,0x00000000f3100000)
  to   space 11776K, 0% used [0x00000000f5280000,0x00000000f5280000,0x00000000f5e00000)
 ParOldGen       total 30720K, used 10589K [0x00000000c0400000, 0x00000000c2200000, 0x00000000eac00000)
  object space 30720K, 34% used [0x00000000c0400000,0x00000000c0e576f0,0x00000000c2200000)
 Metaspace       used 28824K, capacity 29894K, committed 30128K, reserved 1075200K
  class space    used 3724K, capacity 3965K, committed 4016K, reserved 1048576K
}
Event: 12.572 GC heap before
{Heap before GC invocations=11 (full 1):
 PSYoungGen      total 136192K, used 136178K [0x00000000eac00000, 0x00000000f5e00000, 0x0000000100000000)
  eden space 126464K, 100% used [0x00000000eac00000,0x00000000f2780000,0x00000000f2780000)
  from space 9728K, 99% used [0x00000000f2780000,0x00000000f30fc8b8,0x00000000f3100000)
  to   space 11776K, 0% used [0x00000000f5280000,0x00000000f5280000,0x00000000f5e00000)
 ParOldGen       total 30720K, used 10589K [0x00000000c0400000, 0x00000000c2200000, 0x00000000eac00000)
  object space 30720K, 34% used [0x00000000c0400000,0x00000000c0e576f0,0x00000000c2200000)
 Metaspace       used 33546K, capacity 35038K, committed 35376K, reserved 1079296K
  class space    used 4294K, capacity 4577K, committed 4656K, reserved 1048576K
Event: 12.607 GC heap after
Heap after GC invocations=11 (full 1):
 PSYoungGen      total 169472K, used 9029K [0x00000000eac00000, 0x00000000f7100000, 0x0000000100000000)
  eden space 157696K, 0% used [0x00000000eac00000,0x00000000eac00000,0x00000000f4600000)
  from space 11776K, 76% used [0x00000000f5280000,0x00000000f5b517f8,0x00000000f5e00000)
  to   space 12800K, 0% used [0x00000000f4600000,0x00000000f4600000,0x00000000f5280000)
 ParOldGen       total 30720K, used 16357K [0x00000000c0400000, 0x00000000c2200000, 0x00000000eac00000)
  object space 30720K, 53% used [0x00000000c0400000,0x00000000c13f9718,0x00000000c2200000)
 Metaspace       used 33546K, capacity 35038K, committed 35376K, reserved 1079296K
  class space    used 4294K, capacity 4577K, committed 4656K, reserved 1048576K
}
Event: 13.039 GC heap before
{Heap before GC invocations=12 (full 1):
 PSYoungGen      total 169472K, used 20163K [0x00000000eac00000, 0x00000000f7100000, 0x0000000100000000)
  eden space 157696K, 7% used [0x00000000eac00000,0x00000000eb6df6c8,0x00000000f4600000)
  from space 11776K, 76% used [0x00000000f5280000,0x00000000f5b517f8,0x00000000f5e00000)
  to   space 12800K, 0% used [0x00000000f4600000,0x00000000f4600000,0x00000000f5280000)
 ParOldGen       total 30720K, used 16357K [0x00000000c0400000, 0x00000000c2200000, 0x00000000eac00000)
  object space 30720K, 53% used [0x00000000c0400000,0x00000000c13f9718,0x00000000c2200000)
 Metaspace       used 33908K, capacity 35354K, committed 35496K, reserved 1081344K
  class space    used 4347K, capacity 4613K, committed 4656K, reserved 1048576K
Event: 13.063 GC heap after
Heap after GC invocations=12 (full 1):
 PSYoungGen      total 170496K, used 976K [0x00000000eac00000, 0x00000000f9e00000, 0x0000000100000000)
  eden space 157696K, 0% used [0x00000000eac00000,0x00000000eac00000,0x00000000f4600000)
  from space 12800K, 7% used [0x00000000f4600000,0x00000000f46f4158,0x00000000f5280000)
  to   space 12800K, 0% used [0x00000000f9180000,0x00000000f9180000,0x00000000f9e00000)
 ParOldGen       total 30720K, used 22550K [0x00000000c0400000, 0x00000000c2200000, 0x00000000eac00000)
  object space 30720K, 73% used [0x00000000c0400000,0x00000000c1a059d8,0x00000000c2200000)
 Metaspace       used 33908K, capacity 35354K, committed 35496K, reserved 1081344K
  class space    used 4347K, capacity 4613K, committed 4656K, reserved 1048576K
}
Event: 13.063 GC heap before
{Heap before GC invocations=13 (full 2):
 PSYoungGen      total 170496K, used 976K [0x00000000eac00000, 0x00000000f9e00000, 0x0000000100000000)
  eden space 157696K, 0% used [0x00000000eac00000,0x00000000eac00000,0x00000000f4600000)
  from space 12800K, 7% used [0x00000000f4600000,0x00000000f46f4158,0x00000000f5280000)
  to   space 12800K, 0% used [0x00000000f9180000,0x00000000f9180000,0x00000000f9e00000)
 ParOldGen       total 30720K, used 22550K [0x00000000c0400000, 0x00000000c2200000, 0x00000000eac00000)
  object space 30720K, 73% used [0x00000000c0400000,0x00000000c1a059d8,0x00000000c2200000)
 Metaspace       used 33908K, capacity 35354K, committed 35496K, reserved 1081344K
  class space    used 4347K, capacity 4613K, committed 4656K, reserved 1048576K
Event: 13.229 GC heap after
Heap after GC invocations=13 (full 2):
 PSYoungGen      total 170496K, used 0K [0x00000000eac00000, 0x00000000f9e00000, 0x0000000100000000)
  eden space 157696K, 0% used [0x00000000eac00000,0x00000000eac00000,0x00000000f4600000)
  from space 12800K, 0% used [0x00000000f4600000,0x00000000f4600000,0x00000000f5280000)
  to   space 12800K, 0% used [0x00000000f9180000,0x00000000f9180000,0x00000000f9e00000)
 ParOldGen       total 50176K, used 16878K [0x00000000c0400000, 0x00000000c3500000, 0x00000000eac00000)
  object space 50176K, 33% used [0x00000000c0400000,0x00000000c147b880,0x00000000c3500000)
 Metaspace       used 33908K, capacity 35354K, committed 35496K, reserved 1081344K
  class space    used 4347K, capacity 4613K, committed 4656K, reserved 1048576K
}
Event: 20.476 GC heap before
{Heap before GC invocations=14 (full 2):
 PSYoungGen      total 170496K, used 157696K [0x00000000eac00000, 0x00000000f9e00000, 0x0000000100000000)
  eden space 157696K, 100% used [0x00000000eac00000,0x00000000f4600000,0x00000000f4600000)
  from space 12800K, 0% used [0x00000000f4600000,0x00000000f4600000,0x00000000f5280000)
  to   space 12800K, 0% used [0x00000000f9180000,0x00000000f9180000,0x00000000f9e00000)
 ParOldGen       total 50176K, used 16878K [0x00000000c0400000, 0x00000000c3500000, 0x00000000eac00000)
  object space 50176K, 33% used [0x00000000c0400000,0x00000000c147b880,0x00000000c3500000)
 Metaspace       used 46286K, capacity 47852K, committed 48304K, reserved 1091584K
  class space    used 6166K, capacity 6465K, committed 6576K, reserved 1048576K
Event: 20.538 GC heap after
Heap after GC invocations=14 (full 2):
 PSYoungGen      total 229376K, used 12788K [0x00000000eac00000, 0x00000000f9e00000, 0x0000000100000000)
  eden space 216576K, 0% used [0x00000000eac00000,0x00000000eac00000,0x00000000f7f80000)
  from space 12800K, 99% used [0x00000000f9180000,0x00000000f9dfd1b8,0x00000000f9e00000)
  to   space 15360K, 0% used [0x00000000f8000000,0x00000000f8000000,0x00000000f8f00000)
 ParOldGen       total 50176K, used 18156K [0x00000000c0400000, 0x00000000c3500000, 0x00000000eac00000)
  object space 50176K, 36% used [0x00000000c0400000,0x00000000c15bb050,0x00000000c3500000)
 Metaspace       used 46286K, capacity 47852K, committed 48304K, reserved 1091584K
  class space    used 6166K, capacity 6465K, committed 6576K, reserved 1048576K
}

